1784756727	Fingerprint: file missing on disk design_id=2525 path=/MachineEmbroideryDesigns/testdata/01dstPeacock.dst
1784756728	Fingerprint: file missing on disk design_id=2530 path=/MachineEmbroideryDesigns/testdata/01Peacock.hus
1784756728	Fingerprint: file missing on disk design_id=2535 path=/MachineEmbroideryDesigns/testdata/Bean.jef
1784756728	Fingerprint: file missing on disk design_id=2540 path=/MachineEmbroideryDesigns/testdata/Cake 3.exp
1784756728	Fingerprint: file missing on disk design_id=2545 path=/MachineEmbroideryDesigns/testdata/Old/rectangle.dst
1784756728	Fingerprint: file missing on disk design_id=2550 path=/MachineEmbroideryDesigns/testdata/Reduced colours.jef
1784756728	Fingerprint: file missing on disk design_id=2570 path=/MachineEmbroideryDesigns/AbsolutelyEmbird Yahoo Group/Rudolph_Protea/06 Protea Neurofilia.jef
1784756728	Fingerprint: file missing on disk design_id=2575 path=/MachineEmbroideryDesigns/Amazing Designs - 1033 Crests/17246.hus
1784756728	Fingerprint: file missing on disk design_id=2585 path=/MachineEmbroideryDesigns/Amazing Designs - 1033 Crests/43587.hus
1784756728	Fingerprint: file missing on disk design_id=2590 path=/MachineEmbroideryDesigns/Amazing Designs - 1033 Crests/43694.hus
1784756728	Fingerprint: file missing on disk design_id=2595 path=/MachineEmbroideryDesigns/Amazing Designs - 1394 Baby Talk Collection I/81782.hus
1784756728	Fingerprint: file missing on disk design_id=2600 path=/MachineEmbroideryDesigns/Amazing Designs - 1394 Baby Talk Collection I/81787.hus
1784756728	Fingerprint: file missing on disk design_id=2610 path=/MachineEmbroideryDesigns/Amazing Designs - 1394 Baby Talk Collection I/81797.hus
1784756728	Fingerprint: file missing on disk design_id=2615 path=/MachineEmbroideryDesigns/Amazing Designs - Victorian Village Collection I/84448.hus
1784756728	Fingerprint: file missing on disk design_id=2620 path=/MachineEmbroideryDesigns/Amazing Designs - Victorian Village Collection I/89554.hus
1784756728	Fingerprint: file missing on disk design_id=2625 path=/MachineEmbroideryDesigns/Amazing Designs - Victorian Village Collection I/89559.hus
1784756728	Fingerprint: file missing on disk design_id=2630 path=/MachineEmbroideryDesigns/Amazing Designs - Patterns/10812.hus
1784756728	Fingerprint: file missing on disk design_id=2635 path=/MachineEmbroideryDesigns/testdata/01husPeacock.hus
1784756728	Fingerprint: file missing on disk design_id=2636 path=/MachineEmbroideryDesigns/testdata/01Peacock.dst
1784756728	Fingerprint: file missing on disk design_id=2637 path=/MachineEmbroideryDesigns/testdata/01Peacock.exp
1784756728	Fingerprint: file missing on disk design_id=2638 path=/MachineEmbroideryDesigns/testdata/01Peacock.vp3
1784756728	Fingerprint: file missing on disk design_id=2640 path=/MachineEmbroideryDesigns/testdata/Bean.dst
1784756728	Fingerprint: file missing on disk design_id=2641 path=/MachineEmbroideryDesigns/testdata/Bean.exp
1784756728	Fingerprint: file missing on disk design_id=2642 path=/MachineEmbroideryDesigns/testdata/Bean.hus
1784756728	Fingerprint: file missing on disk design_id=2643 path=/MachineEmbroideryDesigns/testdata/Bean.pes
1784756728	Fingerprint: file missing on disk design_id=2645 path=/MachineEmbroideryDesigns/testdata/Bear Mask 5x7 Hoop.jef
1784756728	Fingerprint: file missing on disk design_id=2646 path=/MachineEmbroideryDesigns/testdata/Bear Mask 6x10 Hoop.jef
1784756728	Fingerprint: file missing on disk design_id=2647 path=/MachineEmbroideryDesigns/testdata/Cake 3.dst
1784756728	Fingerprint: file missing on disk design_id=2648 path=/MachineEmbroideryDesigns/testdata/Cake 3.hus
1784756728	Fingerprint: file missing on disk design_id=2650 path=/MachineEmbroideryDesigns/testdata/Cake 3.pes
1784756728	Fingerprint: file missing on disk design_id=2651 path=/MachineEmbroideryDesigns/testdata/Cake 3.vp3
1784756729	Fingerprint: file missing on disk design_id=2652 path=/MachineEmbroideryDesigns/testdata/Old/rectangle.exp
1784756729	Fingerprint: file missing on disk design_id=2653 path=/MachineEmbroideryDesigns/testdata/Old/rectangle.hus
1784756729	Fingerprint: file missing on disk design_id=2655 path=/MachineEmbroideryDesigns/testdata/Old/rectangle.vp3
1784756729	Fingerprint: file missing on disk design_id=2656 path=/MachineEmbroideryDesigns/testdata/01expPeacock.exp
1784756729	Fingerprint: file missing on disk design_id=2657 path=/MachineEmbroideryDesigns/testdata/370655.vp3
1784756729	Fingerprint: file missing on disk design_id=2658 path=/MachineEmbroideryDesigns/testdata/Bean.vp3
1784756729	Fingerprint: file missing on disk design_id=2659 path=/MachineEmbroideryDesigns/testdata/Cake 3.jef
1784756729	Fingerprint: file missing on disk design_id=2660 path=/MachineEmbroideryDesigns/testdata/Old/rectangle.jef
1784756729	Fingerprint: file missing on disk design_id=2661 path=/MachineEmbroideryDesigns/AnimalMasks/Bear Mask 5x7 Hoop.jef
1784756729	Fingerprint: file missing on disk design_id=2662 path=/MachineEmbroideryDesigns/AnimalMasks/Bear Mask 6x10 Hoop.jef
1784756729	Fingerprint: file missing on disk design_id=2663 path=/MachineEmbroideryDesigns/AnimalMasks/Cat Mask 5x7 Hoop.jef
1784756729	Fingerprint: file missing on disk design_id=2664 path=/MachineEmbroideryDesigns/AnimalMasks/Cat Mask 6x10 Hoop.jef
1784756729	Fingerprint: file missing on disk design_id=2665 path=/MachineEmbroideryDesigns/AnimalMasks/Chicken Mask 5x7 Hoop.jef
1784756729	Fingerprint: file missing on disk design_id=2666 path=/MachineEmbroideryDesigns/AnimalMasks/Chicken Mask 6x10 Hoop.jef
1784756729	Fingerprint: file missing on disk design_id=2667 path=/MachineEmbroideryDesigns/AnimalMasks/Giraffe Mask 5x7 Hoop.jef
1784756729	Fingerprint: file missing on disk design_id=2668 path=/MachineEmbroideryDesigns/AnimalMasks/Giraffe Mask 6x10 Hoop.jef
1784756729	Fingerprint: file missing on disk design_id=2669 path=/MachineEmbroideryDesigns/AnimalMasks/Monkey Mask 5x7 Hoop.jef
1784756729	Fingerprint: file missing on disk design_id=2670 path=/MachineEmbroideryDesigns/AnimalMasks/Monkey Mask 6x10 Hoop.jef
1784756729	Fingerprint: file missing on disk design_id=2671 path=/MachineEmbroideryDesigns/AnimalMasks/Mouse Mask 5x7 Hoop.jef
1784756729	Fingerprint: file missing on disk design_id=2672 path=/MachineEmbroideryDesigns/AnimalMasks/Mouse Mask 6x10 Hoop.jef
1784756730	Fingerprint: file missing on disk design_id=2673 path=/MachineEmbroideryDesigns/AnimalMasks/Panda Mask 5x7 Hoop.jef
1784756730	Fingerprint: file missing on disk design_id=2674 path=/MachineEmbroideryDesigns/AnimalMasks/Panda Mask 6x10 Hoop.jef
1784756730	Fingerprint: file missing on disk design_id=2675 path=/MachineEmbroideryDesigns/AnimalMasks/Piggy Mask 5x7 Hoop.jef
1784756730	Fingerprint: file missing on disk design_id=2676 path=/MachineEmbroideryDesigns/AnimalMasks/Piggy Mask 6x10 Hoop.jef
1784756730	Fingerprint: file missing on disk design_id=2677 path=/MachineEmbroideryDesigns/AnimalMasks/Puppy Mask 5x7 Hoop.jef
1784756730	Fingerprint: file missing on disk design_id=2678 path=/MachineEmbroideryDesigns/AnimalMasks/Puppy Mask 6x10 Hoop.jef
1784756730	Fingerprint: file missing on disk design_id=2679 path=/MachineEmbroideryDesigns/AnimalMasks/Tiger Mask 5x7 Hoop.jef
1784756730	Fingerprint: file missing on disk design_id=2680 path=/MachineEmbroideryDesigns/AnimalMasks/Tiger Mask 6x10 Hoop.jef
1784756730	Fingerprint: file missing on disk design_id=2682 path=/MachineEmbroideryDesigns/User tests/Bean Z.jef
1784756730	Fingerprint: file missing on disk design_id=2683 path=/MachineEmbroideryDesigns/User tests/Bean.jef
1784756730	Fingerprint: file missing on disk design_id=2684 path=/MachineEmbroideryDesigns/User tests/Cake 3 - Food.jef
1784756730	Fingerprint: file missing on disk design_id=2685 path=/MachineEmbroideryDesigns/User tests/Cake 3 - to be verified.jef
1784756730	Fingerprint: file missing on disk design_id=2686 path=/MachineEmbroideryDesigns/User tests/Cake 3 Cross Fred Stitch.jef
1784756730	Fingerprint: file missing on disk design_id=2687 path=/MachineEmbroideryDesigns/User tests/Cake 3 Cross Stitch Fred.jef
1784756730	Fingerprint: file missing on disk design_id=2688 path=/MachineEmbroideryDesigns/User tests/Cake 3.jef
1784756730	Fingerprint: file missing on disk design_id=2691 path=/MachineEmbroideryDesigns/User tests/rose_bouquet.pes
1784756730	Fingerprint: file missing on disk design_id=2693 path=/MachineEmbroideryDesigns/User tests/Cake Applique.jef
1784756730	Fingerprint: file missing on disk design_id=2694 path=/MachineEmbroideryDesigns/User tests/Cake Applique 2.jef
1784756730	Fingerprint: file missing on disk design_id=2695 path=/MachineEmbroideryDesigns/User tests/Bean X.jef
1784756730	Fingerprint: file missing on disk design_id=2696 path=/MachineEmbroideryDesigns/Amazing Designs - 1394 Baby Talk Collection I/53524.hus
1784756730	Fingerprint: file missing on disk design_id=2697 path=/MachineEmbroideryDesigns/Amazing Designs - 1394 Baby Talk Collection I/81779.hus
1784756730	Fingerprint: file missing on disk design_id=2698 path=/MachineEmbroideryDesigns/Amazing Designs - 1394 Baby Talk Collection I/81780.hus
1784756730	Fingerprint: file missing on disk design_id=2699 path=/MachineEmbroideryDesigns/Amazing Designs - 1394 Baby Talk Collection I/81781.hus
1784756730	Fingerprint: file missing on disk design_id=2700 path=/MachineEmbroideryDesigns/Amazing Designs - 1394 Baby Talk Collection I/81783.hus
1784756730	Fingerprint: file missing on disk design_id=2701 path=/MachineEmbroideryDesigns/Amazing Designs - 1394 Baby Talk Collection I/81784.hus
1784756730	Fingerprint: file missing on disk design_id=2702 path=/MachineEmbroideryDesigns/Amazing Designs - 1394 Baby Talk Collection I/81785.hus
1784756730	Fingerprint: file missing on disk design_id=2703 path=/MachineEmbroideryDesigns/Amazing Designs - 1394 Baby Talk Collection I/81786.hus
1784756730	Fingerprint: file missing on disk design_id=2704 path=/MachineEmbroideryDesigns/Amazing Designs - 1394 Baby Talk Collection I/81788.hus
1784756730	Fingerprint: file missing on disk design_id=2705 path=/MachineEmbroideryDesigns/Amazing Designs - 1394 Baby Talk Collection I/81789.hus
1784756730	Fingerprint: file missing on disk design_id=2706 path=/MachineEmbroideryDesigns/Amazing Designs - 1394 Baby Talk Collection I/81790.hus
1784756730	Fingerprint: file missing on disk design_id=2707 path=/MachineEmbroideryDesigns/Amazing Designs - 1394 Baby Talk Collection I/81791.hus
1784756730	Fingerprint: file missing on disk design_id=2708 path=/MachineEmbroideryDesigns/Amazing Designs - 1394 Baby Talk Collection I/81793.hus
1784756730	Fingerprint: file missing on disk design_id=2709 path=/MachineEmbroideryDesigns/Amazing Designs - 1394 Baby Talk Collection I/81794.hus
1784756730	Fingerprint: file missing on disk design_id=2710 path=/MachineEmbroideryDesigns/Amazing Designs - 1394 Baby Talk Collection I/81795.hus
1784756731	Fingerprint: file missing on disk design_id=2711 path=/MachineEmbroideryDesigns/Amazing Designs - 1394 Baby Talk Collection I/81796.hus
1784756731	Fingerprint: file missing on disk design_id=2712 path=/MachineEmbroideryDesigns/Amazing Designs - 1394 Baby Talk Collection I/81809.hus
1784756731	Fingerprint: file missing on disk design_id=2713 path=/MachineEmbroideryDesigns/Amazing Designs - 1033 Crests/17147.hus
1784756731	Fingerprint: file missing on disk design_id=2714 path=/MachineEmbroideryDesigns/Amazing Designs - 1033 Crests/17168.hus
1784756731	Fingerprint: file missing on disk design_id=2715 path=/MachineEmbroideryDesigns/Amazing Designs - 1033 Crests/17176.hus
1784756731	Fingerprint: file missing on disk design_id=2716 path=/MachineEmbroideryDesigns/Amazing Designs - 1033 Crests/17195.hus
1784756731	Fingerprint: file missing on disk design_id=2717 path=/MachineEmbroideryDesigns/Amazing Designs - 1033 Crests/17261.hus
1784756731	Fingerprint: file missing on disk design_id=2718 path=/MachineEmbroideryDesigns/Amazing Designs - 1033 Crests/17351.hus
1784756731	Fingerprint: file missing on disk design_id=2719 path=/MachineEmbroideryDesigns/Amazing Designs - 1033 Crests/17536.hus
1784756731	Fingerprint: file missing on disk design_id=2720 path=/MachineEmbroideryDesigns/Amazing Designs - 1033 Crests/43001.hus
1784756731	Fingerprint: file missing on disk design_id=2721 path=/MachineEmbroideryDesigns/Amazing Designs - 1033 Crests/43051.hus
1784756731	Fingerprint: file missing on disk design_id=2722 path=/MachineEmbroideryDesigns/Amazing Designs - 1033 Crests/43055.hus
1784756731	Fingerprint: file missing on disk design_id=2723 path=/MachineEmbroideryDesigns/Amazing Designs - 1033 Crests/43067.hus
1784756731	Fingerprint: file missing on disk design_id=2724 path=/MachineEmbroideryDesigns/Amazing Designs - 1033 Crests/43560.hus
1784756731	Fingerprint: file missing on disk design_id=2725 path=/MachineEmbroideryDesigns/Amazing Designs - 1033 Crests/43574.hus
1784808935	Fingerprint: file missing on disk design_id=2726 path=/MachineEmbroideryDesigns/Amazing Designs - 1033 Crests/43588.hus
1784808935	Fingerprint: file missing on disk design_id=2727 path=/MachineEmbroideryDesigns/Amazing Designs - 1033 Crests/43589.hus
1784808935	Fingerprint: file missing on disk design_id=2728 path=/MachineEmbroideryDesigns/Amazing Designs - 1033 Crests/43598.hus
1784808935	Fingerprint: file missing on disk design_id=2729 path=/MachineEmbroideryDesigns/Amazing Designs - 1033 Crests/43607.hus
1784810041	Fingerprint: file missing on disk design_id=2 stored_path=/nonexistent/gone.pes resolved_path=\\?\D:\My Software Development\Rust-Embroidery-Catalogue\data\MachineEmbroideryDesigns\nonexistent\gone.pes
